TN:
SF:app.js
FNF:0
FNH:0
DA:1,1
DA:2,1
DA:4,1
DA:5,1
DA:8,1
DA:9,1
DA:10,1
DA:11,1
DA:12,1
DA:13,1
DA:14,1
DA:15,1
DA:18,1
DA:19,1
DA:20,1
DA:21,1
DA:22,1
DA:23,1
DA:24,1
DA:25,1
DA:27,1
LF:21
LH:21
BRF:0
BRH:0
end_of_record
TN:
SF:auth\auth.js
FN:8,generarToken
FN:18,verifyToken
FN:35,requireRole
FN:36,(anonymous_3)
FNF:4
FNH:1
FNDA:0,generarToken
FNDA:0,verifyToken
FNDA:7,requireRole
FNDA:0,(anonymous_3)
DA:1,1
DA:2,1
DA:3,1
DA:5,1
DA:10,0
DA:19,0
DA:20,0
DA:22,0
DA:23,0
DA:25,0
DA:26,0
DA:27,0
DA:28,0
DA:30,0
DA:36,7
DA:37,0
DA:38,0
DA:39,0
DA:41,0
DA:45,1
LF:20
LH:6
BRDA:5,0,0,1
BRDA:5,0,1,0
BRDA:20,1,0,0
BRDA:20,1,1,0
BRDA:23,2,0,0
BRDA:23,2,1,0
BRDA:37,3,0,0
BRDA:37,3,1,0
BRDA:38,4,0,0
BRDA:38,4,1,0
BRF:10
BRH:1
end_of_record
TN:
SF:controllers\categoriasController.js
FN:3,listarCategorias
FNF:1
FNH:0
FNDA:0,listarCategorias
DA:1,1
DA:4,0
DA:5,0
DA:6,0
DA:8,0
DA:14,1
LF:6
LH:2
BRF:0
BRH:0
end_of_record
TN:
SF:controllers\facturasController.js
FN:5,(anonymous_0)
FN:31,(anonymous_1)
FN:52,(anonymous_2)
FN:134,(anonymous_3)
FNF:4
FNH:0
FNDA:0,(anonymous_0)
FNDA:0,(anonymous_1)
FNDA:0,(anonymous_2)
FNDA:0,(anonymous_3)
DA:1,1
DA:2,1
DA:5,1
DA:6,0
DA:7,0
DA:8,0
DA:9,0
DA:11,0
DA:16,0
DA:18,0
DA:25,0
DA:26,0
DA:31,1
DA:32,0
DA:33,0
DA:35,0
DA:40,0
DA:41,0
DA:44,0
DA:46,0
DA:47,0
DA:52,1
DA:53,0
DA:54,0
DA:57,0
DA:71,0
DA:72,0
DA:75,0
DA:76,0
DA:79,0
DA:89,0
DA:95,0
DA:96,0
DA:97,0
DA:98,0
DA:105,0
DA:106,0
DA:109,0
DA:110,0
DA:112,0
DA:114,0
DA:118,0
DA:119,0
DA:120,0
DA:121,0
DA:124,0
DA:125,0
DA:128,0
DA:129,0
DA:130,0
DA:131,0
DA:133,0
DA:134,0
DA:135,0
DA:136,0
DA:137,0
DA:139,0
DA:140,0
DA:141,0
DA:142,0
DA:145,0
DA:146,0
DA:148,0
DA:151,0
DA:155,0
DA:158,0
DA:161,0
DA:163,0
DA:164,0
DA:166,0
DA:171,0
DA:176,0
DA:180,0
DA:187,0
DA:188,0
DA:190,0
DA:191,0
DA:192,0
DA:194,0
DA:195,0
DA:197,0
DA:200,0
DA:201,0
DA:206,1
LF:84
LH:6
BRDA:7,0,0,0
BRDA:7,0,1,0
BRDA:8,1,0,0
BRDA:8,1,1,0
BRDA:40,2,0,0
BRDA:40,2,1,0
BRDA:71,3,0,0
BRDA:71,3,1,0
BRDA:76,4,0,0
BRDA:76,4,1,0
BRDA:133,5,0,0
BRDA:133,5,1,0
BRDA:135,6,0,0
BRDA:135,6,1,0
BRDA:136,7,0,0
BRDA:136,7,1,0
BRDA:145,8,0,0
BRDA:145,8,1,0
BRDA:161,9,0,0
BRDA:161,9,1,0
BRDA:163,10,0,0
BRDA:163,10,1,0
BRDA:164,11,0,0
BRDA:164,11,1,0
BRF:24
BRH:0
end_of_record
TN:
SF:controllers\gestionarPagos.js
FN:7,seleccionarMetodo
FN:30,pagarEfectivo
FN:48,(anonymous_2)
FN:111,pagarConMetodoDirecto
FN:124,(anonymous_4)
FNF:5
FNH:0
FNDA:0,seleccionarMetodo
FNDA:0,pagarEfectivo
FNDA:0,(anonymous_2)
FNDA:0,pagarConMetodoDirecto
FNDA:0,(anonymous_4)
DA:2,1
DA:8,0
DA:9,0
DA:11,0
DA:12,0
DA:13,0
DA:16,0
DA:17,0
DA:24,0
DA:31,0
DA:32,0
DA:34,0
DA:35,0
DA:38,0
DA:39,0
DA:44,0
DA:45,0
DA:48,0
DA:50,0
DA:51,0
DA:56,0
DA:57,0
DA:59,0
DA:67,0
DA:70,0
DA:71,0
DA:77,0
DA:80,0
DA:87,0
DA:89,0
DA:103,0
DA:104,0
DA:112,0
DA:114,0
DA:115,0
DA:120,0
DA:121,0
DA:124,0
DA:125,0
DA:127,0
DA:132,0
DA:134,0
DA:135,0
DA:141,0
DA:144,0
DA:151,0
DA:153,0
DA:165,0
DA:166,0
DA:173,1
LF:50
LH:2
BRDA:12,0,0,0
BRDA:12,0,1,0
BRDA:12,1,0,0
BRDA:12,1,1,0
BRDA:16,2,0,0
BRDA:16,2,1,0
BRDA:34,3,0,0
BRDA:34,3,1,0
BRDA:34,4,0,0
BRDA:34,4,1,0
BRDA:34,4,2,0
BRDA:44,5,0,0
BRDA:44,5,1,0
BRDA:50,6,0,0
BRDA:50,6,1,0
BRDA:120,7,0,0
BRDA:120,7,1,0
BRF:17
BRH:0
end_of_record
TN:
SF:controllers\insumosController.js
FN:5,listarInsumos
FN:15,crearInsumo
FN:34,editarInsumo
FNF:3
FNH:0
FNDA:0,listarInsumos
FNDA:0,crearInsumo
FNDA:0,editarInsumo
DA:1,1
DA:2,1
DA:6,0
DA:7,0
DA:8,0
DA:10,0
DA:16,0
DA:18,0
DA:19,0
DA:21,0
DA:22,0
DA:23,0
DA:27,0
DA:29,0
DA:35,0
DA:36,0
DA:39,0
DA:40,0
DA:42,0
DA:44,0
DA:45,0
DA:50,0
DA:51,0
DA:54,0
DA:56,0
DA:60,1
LF:26
LH:3
BRDA:19,0,0,0
BRDA:19,0,1,0
BRDA:21,1,0,0
BRDA:21,1,1,0
BRDA:40,2,0,0
BRDA:40,2,1,0
BRDA:42,3,0,0
BRDA:42,3,1,0
BRDA:50,4,0,0
BRDA:50,4,1,0
BRF:10
BRH:0
end_of_record
TN:
SF:controllers\productosController.js
FN:5,listarProductos
FN:21,crearProducto
FN:52,editarProducto
FNF:3
FNH:0
FNDA:0,listarProductos
FNDA:0,crearProducto
FNDA:0,editarProducto
DA:1,1
DA:2,1
DA:6,0
DA:7,0
DA:14,0
DA:16,0
DA:22,0
DA:24,0
DA:25,0
DA:27,0
DA:29,0
DA:31,0
DA:32,0
DA:34,0
DA:35,0
DA:38,0
DA:40,0
DA:45,0
DA:47,0
DA:53,0
DA:54,0
DA:56,0
DA:57,0
DA:59,0
DA:61,0
DA:63,0
DA:64,0
DA:66,0
DA:67,0
DA:70,0
DA:71,0
DA:73,0
DA:74,0
DA:76,0
DA:83,0
DA:84,0
DA:87,0
DA:89,0
DA:93,1
LF:39
LH:3
BRDA:25,0,0,0
BRDA:25,0,1,0
BRDA:31,1,0,0
BRDA:31,1,1,0
BRDA:38,2,0,0
BRDA:38,2,1,0
BRDA:57,3,0,0
BRDA:57,3,1,0
BRDA:63,4,0,0
BRDA:63,4,1,0
BRDA:71,5,0,0
BRDA:71,5,1,0
BRDA:83,6,0,0
BRDA:83,6,1,0
BRF:14
BRH:0
end_of_record
TN:
SF:controllers\reportesController.js
FN:7,num
FN:11,fechaElegante
FN:16,resolverRango
FN:23,(anonymous_3)
FN:62,(anonymous_4)
FN:66,(anonymous_5)
FN:86,(anonymous_6)
FN:97,(anonymous_7)
FN:108,(anonymous_8)
FN:138,(anonymous_9)
FN:155,(anonymous_10)
FN:205,encabezado
FN:221,tablaVentas
FN:229,(anonymous_13)
FN:249,(anonymous_14)
FN:269,(anonymous_15)
FN:281,(anonymous_16)
FN:307,(anonymous_17)
FN:371,resumenGeneral
FN:373,(anonymous_19)
FN:374,(anonymous_20)
FN:403,generarCSV
FN:406,(anonymous_22)
FN:418,generarExcel
FN:434,(anonymous_24)
FN:444,(anonymous_25)
FNF:26
FNH:0
FNDA:0,num
FNDA:0,fechaElegante
FNDA:0,resolverRango
FNDA:0,(anonymous_3)
FNDA:0,(anonymous_4)
FNDA:0,(anonymous_5)
FNDA:0,(anonymous_6)
FNDA:0,(anonymous_7)
FNDA:0,(anonymous_8)
FNDA:0,(anonymous_9)
FNDA:0,(anonymous_10)
FNDA:0,encabezado
FNDA:0,tablaVentas
FNDA:0,(anonymous_13)
FNDA:0,(anonymous_14)
FNDA:0,(anonymous_15)
FNDA:0,(anonymous_16)
FNDA:0,(anonymous_17)
FNDA:0,resumenGeneral
FNDA:0,(anonymous_19)
FNDA:0,(anonymous_20)
FNDA:0,generarCSV
FNDA:0,(anonymous_22)
FNDA:0,generarExcel
FNDA:0,(anonymous_24)
FNDA:0,(anonymous_25)
DA:1,1
DA:2,1
DA:8,0
DA:12,0
DA:13,0
DA:17,0
DA:18,0
DA:19,0
DA:20,0
DA:23,1
DA:24,0
DA:25,0
DA:26,0
DA:28,0
DA:29,0
DA:34,0
DA:45,0
DA:53,0
DA:54,0
DA:59,0
DA:60,0
DA:62,0
DA:63,0
DA:66,0
DA:67,0
DA:70,0
DA:71,0
DA:72,0
DA:78,0
DA:79,0
DA:80,0
DA:82,0
DA:84,0
DA:86,0
DA:87,0
DA:97,0
DA:98,0
DA:108,0
DA:110,0
DA:111,0
DA:113,0
DA:114,0
DA:120,0
DA:121,0
DA:122,0
DA:124,0
DA:134,0
DA:135,0
DA:136,0
DA:138,0
DA:139,0
DA:140,0
DA:141,0
DA:142,0
DA:143,0
DA:144,0
DA:145,0
DA:150,0
DA:151,0
DA:152,0
DA:153,0
DA:155,0
DA:156,0
DA:157,0
DA:158,0
DA:159,0
DA:160,0
DA:161,0
DA:162,0
DA:166,0
DA:169,0
DA:170,0
DA:206,0
DA:208,0
DA:209,0
DA:210,0
DA:211,0
DA:212,0
DA:213,0
DA:215,0
DA:224,0
DA:225,0
DA:226,0
DA:229,0
DA:232,0
DA:233,0
DA:236,0
DA:241,0
DA:244,0
DA:246,0
DA:247,0
DA:249,0
DA:250,0
DA:254,0
DA:258,0
DA:260,0
DA:265,0
DA:266,0
DA:269,0
DA:270,0
DA:272,0
DA:279,0
DA:281,0
DA:282,0
DA:286,0
DA:290,0
DA:294,0
DA:296,0
DA:297,0
DA:298,0
DA:302,0
DA:307,1
DA:308,0
DA:309,0
DA:310,0
DA:312,0
DA:313,0
DA:315,0
DA:323,0
DA:324,0
DA:327,0
DA:328,0
DA:329,0
DA:330,0
DA:331,0
DA:335,0
DA:336,0
DA:340,0
DA:341,0
DA:342,0
DA:344,0
DA:352,0
DA:353,0
DA:355,0
DA:358,0
DA:359,0
DA:373,0
DA:374,0
DA:375,0
DA:376,0
DA:377,0
DA:380,0
DA:384,0
DA:387,0
DA:389,0
DA:390,0
DA:391,0
DA:392,0
DA:394,0
DA:404,0
DA:406,0
DA:407,0
DA:410,0
DA:416,1
DA:419,0
DA:420,0
DA:423,0
DA:426,0
DA:427,0
DA:434,0
DA:435,0
DA:444,0
DA:445,0
DA:449,0
DA:450,0
DA:452,0
DA:453,0
DA:456,1
LF:168
LH:6
BRDA:8,0,0,0
BRDA:8,0,1,0
BRDA:18,1,0,0
BRDA:18,1,1,0
BRDA:19,2,0,0
BRDA:19,2,1,0
BRDA:19,3,0,0
BRDA:19,3,1,0
BRDA:26,4,0,0
BRDA:26,4,1,0
BRDA:28,5,0,0
BRDA:28,5,1,0
BRDA:53,6,0,0
BRDA:53,6,1,0
BRDA:53,7,0,0
BRDA:53,7,1,0
BRDA:59,8,0,0
BRDA:59,8,1,0
BRDA:78,9,0,0
BRDA:78,9,1,0
BRDA:127,10,0,0
BRDA:127,10,1,0
BRDA:134,11,0,0
BRDA:134,11,1,0
BRDA:150,12,0,0
BRDA:150,12,1,0
BRDA:296,13,0,0
BRDA:296,13,1,0
BRDA:310,14,0,0
BRDA:310,14,1,0
BRDA:312,15,0,0
BRDA:312,15,1,0
BRDA:323,16,0,0
BRDA:323,16,1,0
BRDA:327,17,0,0
BRDA:327,17,1,0
BRDA:335,18,0,0
BRDA:335,18,1,0
BRDA:347,19,0,0
BRDA:347,19,1,0
BRDA:375,20,0,0
BRDA:375,20,1,0
BRDA:376,21,0,0
BRDA:376,21,1,0
BRDA:377,22,0,0
BRDA:377,22,1,0
BRF:46
BRH:0
end_of_record
TN:
SF:controllers\usuariosController.js
FN:5,login
FNF:1
FNH:1
FNDA:1,login
DA:1,1
DA:2,1
DA:3,1
DA:6,1
DA:8,1
DA:9,1
DA:10,0
DA:12,1
DA:14,1
DA:19,1
DA:20,1
DA:22,0
DA:25,0
DA:27,0
DA:28,0
DA:31,0
DA:33,0
DA:35,0
DA:36,0
DA:40,1
LF:20
LH:11
BRDA:9,0,0,0
BRDA:9,0,1,1
BRDA:9,1,0,1
BRDA:9,1,1,1
BRDA:19,2,0,1
BRDA:19,2,1,0
BRDA:27,3,0,0
BRDA:27,3,1,0
BRF:8
BRH:4
end_of_record
TN:
SF:controllers\ventasController.js
FN:4,agregarAlCarrito
FN:70,listarCarrito
FN:84,eliminarDelCarrito
FN:100,actualizarCantidad
FNF:4
FNH:0
FNDA:0,agregarAlCarrito
FNDA:0,listarCarrito
FNDA:0,eliminarDelCarrito
FNDA:0,actualizarCantidad
DA:1,1
DA:5,0
DA:6,0
DA:9,0
DA:10,0
DA:14,0
DA:19,0
DA:20,0
DA:23,0
DA:26,0
DA:27,0
DA:33,0
DA:38,0
DA:40,0
DA:41,0
DA:42,0
DA:47,0
DA:48,0
DA:53,0
DA:60,0
DA:61,0
DA:66,0
DA:71,0
DA:72,0
DA:73,0
DA:77,0
DA:79,0
DA:85,0
DA:86,0
DA:87,0
DA:88,0
DA:89,0
DA:91,0
DA:93,0
DA:101,0
DA:102,0
DA:103,0
DA:105,0
DA:106,0
DA:110,0
DA:115,0
DA:116,0
DA:119,0
DA:122,0
DA:127,0
DA:128,0
DA:131,0
DA:133,0
DA:134,0
DA:137,0
DA:139,0
DA:144,0
DA:147,1
LF:53
LH:2
BRDA:9,0,0,0
BRDA:9,0,1,0
BRDA:9,1,0,0
BRDA:9,1,1,0
BRDA:19,2,0,0
BRDA:19,2,1,0
BRDA:26,3,0,0
BRDA:26,3,1,0
BRDA:38,4,0,0
BRDA:38,4,1,0
BRDA:41,5,0,0
BRDA:41,5,1,0
BRDA:88,6,0,0
BRDA:88,6,1,0
BRDA:105,7,0,0
BRDA:105,7,1,0
BRDA:105,8,0,0
BRDA:105,8,1,0
BRDA:115,9,0,0
BRDA:115,9,1,0
BRDA:127,10,0,0
BRDA:127,10,1,0
BRDA:133,11,0,0
BRDA:133,11,1,0
BRF:24
BRH:0
end_of_record
TN:
SF:db\db.js
FNF:0
FNH:0
DA:2,2
DA:3,2
DA:4,2
DA:6,2
DA:17,2
LF:5
LH:5
BRDA:7,0,0,2
BRDA:7,0,1,0
BRDA:8,1,0,2
BRDA:8,1,1,0
BRDA:9,2,0,2
BRDA:9,2,1,0
BRDA:10,3,0,2
BRDA:10,3,1,0
BRDA:11,4,0,2
BRDA:11,4,1,0
BRF:10
BRH:5
end_of_record
TN:
SF:routes\categorias.js
FNF:0
FNH:0
DA:1,1
DA:2,1
DA:3,1
DA:4,1
DA:6,1
DA:9,1
LF:6
LH:6
BRF:0
BRH:0
end_of_record
TN:
SF:routes\facturas.js
FNF:0
FNH:0
DA:1,1
DA:2,1
DA:3,1
DA:5,1
DA:6,1
DA:7,1
DA:9,1
LF:7
LH:7
BRF:0
BRH:0
end_of_record
TN:
SF:routes\gestionarPagos.js
FN:11,(anonymous_0)
FNF:1
FNH:0
FNDA:0,(anonymous_0)
DA:2,1
DA:3,1
DA:4,1
DA:5,1
DA:8,1
DA:11,1
DA:12,0
DA:13,0
DA:17,1
DA:18,1
DA:21,1
LF:11
LH:9
BRF:0
BRH:0
end_of_record
TN:
SF:routes\insumos.js
FNF:0
FNH:0
DA:1,1
DA:2,1
DA:3,1
DA:5,1
DA:8,1
DA:11,1
DA:14,1
DA:16,1
LF:8
LH:8
BRF:0
BRH:0
end_of_record
TN:
SF:routes\productos.js
FNF:0
FNH:0
DA:1,1
DA:2,1
DA:3,1
DA:4,1
DA:7,1
DA:8,1
DA:9,1
DA:11,1
LF:8
LH:8
BRF:0
BRH:0
end_of_record
TN:
SF:routes\reportes.js
FNF:0
FNH:0
DA:1,1
DA:2,1
DA:3,1
DA:6,1
DA:9,1
DA:11,1
LF:6
LH:6
BRF:0
BRH:0
end_of_record
TN:
SF:routes\usuarios.js
FNF:0
FNH:0
DA:1,1
DA:2,1
DA:3,1
DA:5,1
DA:7,1
LF:5
LH:5
BRF:0
BRH:0
end_of_record
TN:
SF:routes\ventas.js
FNF:0
FNH:0
DA:1,1
DA:2,1
DA:3,1
DA:4,1
DA:7,1
DA:10,1
DA:13,1
DA:16,1
DA:18,1
DA:24,1
LF:10
LH:10
BRF:0
BRH:0
end_of_record
TN:
SF:utils\Validator.js
FN:3,(anonymous_0)
FN:13,(anonymous_1)
FN:21,(anonymous_2)
FN:30,(anonymous_3)
FNF:4
FNH:0
FNDA:0,(anonymous_0)
FNDA:0,(anonymous_1)
FNDA:0,(anonymous_2)
FNDA:0,(anonymous_3)
DA:4,0
DA:5,0
DA:6,0
DA:9,0
DA:14,0
DA:15,0
DA:17,0
DA:22,0
DA:23,0
DA:25,0
DA:31,0
DA:32,0
DA:34,0
DA:38,1
LF:14
LH:1
BRDA:5,0,0,0
BRDA:5,0,1,0
BRDA:5,1,0,0
BRDA:5,1,1,0
BRDA:5,1,2,0
BRDA:14,2,0,0
BRDA:14,2,1,0
BRDA:14,3,0,0
BRDA:14,3,1,0
BRDA:22,4,0,0
BRDA:22,4,1,0
BRDA:22,5,0,0
BRDA:22,5,1,0
BRDA:31,6,0,0
BRDA:31,6,1,0
BRF:15
BRH:0
end_of_record
TN:
SF:utils\insumosValidator.js
FN:4,validarInsumo
FNF:1
FNH:0
FNDA:0,validarInsumo
DA:1,1
DA:6,0
DA:7,0
DA:10,0
DA:11,0
DA:13,0
DA:16,1
LF:7
LH:2
BRDA:7,0,0,0
BRDA:7,0,1,0
BRDA:11,1,0,0
BRDA:11,1,1,0
BRF:4
BRH:0
end_of_record
TN:
SF:utils\productoValidator.js
FN:4,validarProducto
FNF:1
FNH:0
FNDA:0,validarProducto
DA:1,1
DA:6,0
DA:7,0
DA:10,0
DA:11,0
DA:13,0
DA:14,0
DA:16,0
DA:19,1
LF:9
LH:2
BRDA:7,0,0,0
BRDA:7,0,1,0
BRDA:11,1,0,0
BRDA:11,1,1,0
BRDA:14,2,0,0
BRDA:14,2,1,0
BRF:6
BRH:0
end_of_record
